<?xml version="1.0" encoding="UTF-8"?>
<!-- Generated by org.testng.reporters.JUnitReportReporter -->
<testsuite skipped="0" hostname="SaniketLaptop" name="saniket.testcase.TC01" tests="1" failures="0" timestamp="2020-06-18T16:30:49 IST" time="45.865" errors="0">
  <testcase name="purchaseflow" time="45.865" classname="saniket.testcase.TC01"/>
</testsuite> <!-- saniket.testcase.TC01 -->
