<?xml version="1.0" encoding="UTF-8"?>
<!-- Generated by org.testng.reporters.JUnitReportReporter -->
<testsuite skipped="0" hostname="SaniketLaptop" name="Carmax.testcase.TC01_Register" tests="1" failures="0" timestamp="2021-06-06T21:14:56 IST" time="40.687" errors="0">
  <testcase name="Registration_Profile" time="40.687" classname="Carmax.testcase.TC01_Register"/>
</testsuite> <!-- Carmax.testcase.TC01_Register -->
