<?xml version="1.0" encoding="UTF-8"?>
<!-- Generated by org.testng.reporters.JUnitReportReporter -->
<testsuite skipped="0" hostname="SaniketLaptop" name="Bblog.testcase.TC01_Register" tests="1" failures="0" timestamp="2021-06-05T10:35:06 IST" time="34.991" errors="0">
  <testcase name="BblogTestCase" time="34.991" classname="Bblog.testcase.TC01_Register"/>
</testsuite> <!-- Bblog.testcase.TC01_Register -->
