<?xml version="1.0" encoding="UTF-8"?>
<!-- Generated by org.testng.reporters.JUnitReportReporter -->
<testsuite skipped="0" hostname="SaniketLaptop" name="Carmax.testcase.T02_Nearest_Store" tests="1" failures="0" timestamp="2021-06-06T20:42:23 IST" time="140.382" errors="0">
  <testcase name="Nearest_store_filter" time="140.382" classname="Carmax.testcase.T02_Nearest_Store"/>
</testsuite> <!-- Carmax.testcase.T02_Nearest_Store -->
