<?xml version="1.0" encoding="UTF-8"?>
<!-- Generated by org.testng.reporters.JUnitReportReporter -->
<testsuite skipped="0" hostname="SaniketLaptop" name="Bblog.testcase.T02_Nearest_Store" tests="1" failures="0" timestamp="2021-06-05T22:39:58 IST" time="101.976" errors="0">
  <testcase name="Nearest_store_filter" time="101.976" classname="Bblog.testcase.T02_Nearest_Store"/>
</testsuite> <!-- Bblog.testcase.T02_Nearest_Store -->
